DEBUG   |170219 05:08:22| -- Resetting Akeeba Engine factory (backend.id24)
DEBUG   |170219 05:08:22|Fetching filter data from database
DEBUG   |170219 05:08:22|Loading filters
DEBUG   |170219 05:08:22|-- Loading filter Regextabledata
DEBUG   |170219 05:08:23|-- Loading filter Regexdirectories
DEBUG   |170219 05:08:23|-- Loading filter Regexskipfiles
DEBUG   |170219 05:08:23|-- Loading filter Incremental
DEBUG   |170219 05:08:23|-- Loading filter Regexfiles
DEBUG   |170219 05:08:23|-- Loading filter Multidb
DEBUG   |170219 05:08:23|-- Loading filter Regextables
DEBUG   |170219 05:08:23|-- Loading filter Tabledata
DEBUG   |170219 05:08:23|-- Loading filter Skipdirs
DEBUG   |170219 05:08:23|-- Loading filter Tables
DEBUG   |170219 05:08:23|-- Loading filter Extradirs
DEBUG   |170219 05:08:23|-- Loading filter Skipfiles
DEBUG   |170219 05:08:23|-- Loading filter Directories
DEBUG   |170219 05:08:23|-- Loading filter Files
DEBUG   |170219 05:08:23|-- Loading filter Regexskipdirs
DEBUG   |170219 05:08:23|-- Loading filter Excludefiles
DEBUG   |170219 05:08:23|-- Loading filter Excludetabledata
DEBUG   |170219 05:08:23|-- Loading filter Cvsfolders
DEBUG   |170219 05:08:23|-- Loading filter Joomlaskipfiles
DEBUG   |170219 05:08:23|-- Loading filter Siteroot
DEBUG   |170219 05:08:23|-- Loading filter Excludefolders
DEBUG   |170219 05:08:23|-- Loading filter Libraries
DEBUG   |170219 05:08:23|-- Loading filter Sitedb
DEBUG   |170219 05:08:23|-- Loading filter Systemcachefiles
DEBUG   |170219 05:08:23|-- Loading filter Joomlaskipdirs
DEBUG   |170219 05:08:23|Loading optional filters
DEBUG   |170219 05:08:23|-- Loading optional filter Stack\StackErrorlogs
DEBUG   |170219 05:08:23|-- Loading optional filter Stack\StackHoststats
DEBUG   |170219 05:08:23|-- Loading optional filter Stack\StackFinder
DEBUG   |170219 05:58:17| -- Resetting Akeeba Engine factory (backend.id25)
DEBUG   |170219 05:58:17|Fetching filter data from database
DEBUG   |170219 05:58:17|Loading filters
DEBUG   |170219 05:58:17|-- Loading filter Regextabledata
DEBUG   |170219 05:58:17|-- Loading filter Regexdirectories
DEBUG   |170219 05:58:17|-- Loading filter Regexskipfiles
DEBUG   |170219 05:58:17|-- Loading filter Incremental
DEBUG   |170219 05:58:17|-- Loading filter Regexfiles
DEBUG   |170219 05:58:17|-- Loading filter Multidb
DEBUG   |170219 05:58:17|-- Loading filter Regextables
DEBUG   |170219 05:58:17|-- Loading filter Tabledata
DEBUG   |170219 05:58:17|-- Loading filter Skipdirs
DEBUG   |170219 05:58:17|-- Loading filter Tables
DEBUG   |170219 05:58:17|-- Loading filter Extradirs
DEBUG   |170219 05:58:17|-- Loading filter Skipfiles
DEBUG   |170219 05:58:17|-- Loading filter Directories
DEBUG   |170219 05:58:17|-- Loading filter Files
DEBUG   |170219 05:58:17|-- Loading filter Regexskipdirs
DEBUG   |170219 05:58:17|-- Loading filter Excludefiles
DEBUG   |170219 05:58:17|-- Loading filter Excludetabledata
DEBUG   |170219 05:58:17|-- Loading filter Cvsfolders
DEBUG   |170219 05:58:17|-- Loading filter Joomlaskipfiles
DEBUG   |170219 05:58:17|-- Loading filter Siteroot
DEBUG   |170219 05:58:17|-- Loading filter Excludefolders
DEBUG   |170219 05:58:17|-- Loading filter Libraries
DEBUG   |170219 05:58:17|-- Loading filter Sitedb
DEBUG   |170219 05:58:17|-- Loading filter Systemcachefiles
DEBUG   |170219 05:58:17|-- Loading filter Joomlaskipdirs
DEBUG   |170219 05:58:17|Loading optional filters
DEBUG   |170219 05:58:17|-- Loading optional filter Stack\StackErrorlogs
DEBUG   |170219 05:58:17|-- Loading optional filter Stack\StackHoststats
DEBUG   |170219 05:58:17|-- Loading optional filter Stack\StackFinder
DEBUG   |170219 08:52:55| -- Resetting Akeeba Engine factory (backend.id26)
DEBUG   |170219 08:52:55|Fetching filter data from database
DEBUG   |170219 08:52:55|Loading filters
DEBUG   |170219 08:52:55|-- Loading filter Regextabledata
DEBUG   |170219 08:52:55|-- Loading filter Regexdirectories
DEBUG   |170219 08:52:55|-- Loading filter Regexskipfiles
DEBUG   |170219 08:52:55|-- Loading filter Incremental
DEBUG   |170219 08:52:55|-- Loading filter Regexfiles
DEBUG   |170219 08:52:55|-- Loading filter Multidb
DEBUG   |170219 08:52:55|-- Loading filter Regextables
DEBUG   |170219 08:52:55|-- Loading filter Tabledata
DEBUG   |170219 08:52:55|-- Loading filter Skipdirs
DEBUG   |170219 08:52:55|-- Loading filter Tables
DEBUG   |170219 08:52:55|-- Loading filter Extradirs
DEBUG   |170219 08:52:55|-- Loading filter Skipfiles
DEBUG   |170219 08:52:55|-- Loading filter Directories
DEBUG   |170219 08:52:55|-- Loading filter Files
DEBUG   |170219 08:52:55|-- Loading filter Regexskipdirs
DEBUG   |170219 08:52:55|-- Loading filter Excludefiles
DEBUG   |170219 08:52:55|-- Loading filter Excludetabledata
DEBUG   |170219 08:52:55|-- Loading filter Cvsfolders
DEBUG   |170219 08:52:55|-- Loading filter Joomlaskipfiles
DEBUG   |170219 08:52:55|-- Loading filter Siteroot
DEBUG   |170219 08:52:55|-- Loading filter Excludefolders
DEBUG   |170219 08:52:55|-- Loading filter Libraries
DEBUG   |170219 08:52:55|-- Loading filter Sitedb
DEBUG   |170219 08:52:55|-- Loading filter Systemcachefiles
DEBUG   |170219 08:52:55|-- Loading filter Joomlaskipdirs
DEBUG   |170219 08:52:55|Loading optional filters
DEBUG   |170219 08:52:55|-- Loading optional filter Stack\StackErrorlogs
DEBUG   |170219 08:52:55|-- Loading optional filter Stack\StackHoststats
DEBUG   |170219 08:52:55|-- Loading optional filter Stack\StackFinder
DEBUG   |170219 08:52:55|-- Loading optional filter Stack\StackMyjoomla
DEBUG   |170221 05:41:17| -- Resetting Akeeba Engine factory (backend.id27)
DEBUG   |170221 05:41:17|Fetching filter data from database
DEBUG   |170221 05:41:17|Loading filters
DEBUG   |170221 05:41:17|-- Loading filter Regextabledata
DEBUG   |170221 05:41:17|-- Loading filter Regexdirectories
DEBUG   |170221 05:41:17|-- Loading filter Regexskipfiles
DEBUG   |170221 05:41:17|-- Loading filter Incremental
DEBUG   |170221 05:41:17|-- Loading filter Regexfiles
DEBUG   |170221 05:41:17|-- Loading filter Multidb
DEBUG   |170221 05:41:17|-- Loading filter Regextables
DEBUG   |170221 05:41:17|-- Loading filter Tabledata
DEBUG   |170221 05:41:17|-- Loading filter Skipdirs
DEBUG   |170221 05:41:17|-- Loading filter Tables
DEBUG   |170221 05:41:17|-- Loading filter Extradirs
DEBUG   |170221 05:41:17|-- Loading filter Skipfiles
DEBUG   |170221 05:41:17|-- Loading filter Directories
DEBUG   |170221 05:41:17|-- Loading filter Files
DEBUG   |170221 05:41:17|-- Loading filter Regexskipdirs
DEBUG   |170221 05:41:17|-- Loading filter Excludefiles
DEBUG   |170221 05:41:17|-- Loading filter Excludetabledata
DEBUG   |170221 05:41:17|-- Loading filter Cvsfolders
DEBUG   |170221 05:41:17|-- Loading filter Joomlaskipfiles
DEBUG   |170221 05:41:17|-- Loading filter Siteroot
DEBUG   |170221 05:41:17|-- Loading filter Excludefolders
DEBUG   |170221 05:41:17|-- Loading filter Libraries
DEBUG   |170221 05:41:17|-- Loading filter Sitedb
DEBUG   |170221 05:41:17|-- Loading filter Systemcachefiles
DEBUG   |170221 05:41:17|-- Loading filter Joomlaskipdirs
DEBUG   |170221 05:41:17|Loading optional filters
DEBUG   |170221 05:41:17|-- Loading optional filter Stack\StackErrorlogs
DEBUG   |170221 05:41:17|-- Loading optional filter Stack\StackHoststats
DEBUG   |170221 05:41:17|-- Loading optional filter Stack\StackFinder
DEBUG   |170221 05:41:17|-- Loading optional filter Stack\StackMyjoomla
DEBUG   |170511 16:41:35| -- Resetting Akeeba Engine factory (backend.id28)
DEBUG   |170511 16:41:35|Fetching filter data from database
DEBUG   |170511 16:41:35|Loading filters
DEBUG   |170511 16:41:35|-- Loading filter Regextabledata
DEBUG   |170511 16:41:35|-- Loading filter Regexdirectories
DEBUG   |170511 16:41:35|-- Loading filter Regexskipfiles
DEBUG   |170511 16:41:35|-- Loading filter Incremental
DEBUG   |170511 16:41:35|-- Loading filter Regexfiles
DEBUG   |170511 16:41:35|-- Loading filter Multidb
DEBUG   |170511 16:41:35|-- Loading filter Regextables
DEBUG   |170511 16:41:35|-- Loading filter Tabledata
DEBUG   |170511 16:41:35|-- Loading filter Skipdirs
DEBUG   |170511 16:41:35|-- Loading filter Tables
DEBUG   |170511 16:41:35|-- Loading filter Extradirs
DEBUG   |170511 16:41:35|-- Loading filter Skipfiles
DEBUG   |170511 16:41:35|-- Loading filter Directories
DEBUG   |170511 16:41:35|-- Loading filter Files
DEBUG   |170511 16:41:35|-- Loading filter Regexskipdirs
DEBUG   |170511 16:41:35|-- Loading filter Excludefiles
DEBUG   |170511 16:41:35|-- Loading filter Excludetabledata
DEBUG   |170511 16:41:35|-- Loading filter Cvsfolders
DEBUG   |170511 16:41:35|-- Loading filter Joomlaskipfiles
DEBUG   |170511 16:41:35|-- Loading filter Siteroot
DEBUG   |170511 16:41:35|-- Loading filter Excludefolders
DEBUG   |170511 16:41:35|-- Loading filter Libraries
DEBUG   |170511 16:41:35|-- Loading filter Sitedb
DEBUG   |170511 16:41:35|-- Loading filter Systemcachefiles
DEBUG   |170511 16:41:35|-- Loading filter Joomlaskipdirs
DEBUG   |170511 16:41:35|Loading optional filters
DEBUG   |170511 16:41:35|-- Loading optional filter Stack\StackErrorlogs
DEBUG   |170511 16:41:35|-- Loading optional filter Stack\StackHoststats
DEBUG   |170511 16:41:35|-- Loading optional filter Stack\StackFinder
DEBUG   |170511 16:41:35|-- Loading optional filter Stack\StackMyjoomla
DEBUG   |170521 02:20:56| -- Resetting Akeeba Engine factory (backend.id29)
DEBUG   |170521 02:20:56|Fetching filter data from database
DEBUG   |170521 02:20:56|Loading filters
DEBUG   |170521 02:20:56|-- Loading filter Regextabledata
DEBUG   |170521 02:20:56|-- Loading filter Regexdirectories
DEBUG   |170521 02:20:56|-- Loading filter Regexskipfiles
DEBUG   |170521 02:20:56|-- Loading filter Incremental
DEBUG   |170521 02:20:56|-- Loading filter Regexfiles
DEBUG   |170521 02:20:56|-- Loading filter Multidb
DEBUG   |170521 02:20:56|-- Loading filter Regextables
DEBUG   |170521 02:20:56|-- Loading filter Tabledata
DEBUG   |170521 02:20:56|-- Loading filter Skipdirs
DEBUG   |170521 02:20:56|-- Loading filter Tables
DEBUG   |170521 02:20:56|-- Loading filter Extradirs
DEBUG   |170521 02:20:56|-- Loading filter Skipfiles
DEBUG   |170521 02:20:56|-- Loading filter Directories
DEBUG   |170521 02:20:56|-- Loading filter Files
DEBUG   |170521 02:20:56|-- Loading filter Regexskipdirs
DEBUG   |170521 02:20:56|-- Loading filter Excludefiles
DEBUG   |170521 02:20:56|-- Loading filter Excludetabledata
DEBUG   |170521 02:20:56|-- Loading filter Cvsfolders
DEBUG   |170521 02:20:56|-- Loading filter Joomlaskipfiles
DEBUG   |170521 02:20:56|-- Loading filter Siteroot
DEBUG   |170521 02:20:56|-- Loading filter Excludefolders
DEBUG   |170521 02:20:56|-- Loading filter Libraries
DEBUG   |170521 02:20:56|-- Loading filter Sitedb
DEBUG   |170521 02:20:56|-- Loading filter Systemcachefiles
DEBUG   |170521 02:20:56|-- Loading filter Joomlaskipdirs
DEBUG   |170521 02:20:56|Loading optional filters
DEBUG   |170521 02:20:56|-- Loading optional filter Stack\StackErrorlogs
DEBUG   |170521 02:20:56|-- Loading optional filter Stack\StackHoststats
DEBUG   |170521 02:20:56|-- Loading optional filter Stack\StackFinder
DEBUG   |170521 02:20:56|-- Loading optional filter Stack\StackMyjoomla
DEBUG   |170521 02:23:15| -- Resetting Akeeba Engine factory (backend.id30)
DEBUG   |170521 02:23:15|Fetching filter data from database
DEBUG   |170521 02:23:15|Loading filters
DEBUG   |170521 02:23:15|-- Loading filter Regextabledata
DEBUG   |170521 02:23:15|-- Loading filter Regexdirectories
DEBUG   |170521 02:23:15|-- Loading filter Regexskipfiles
DEBUG   |170521 02:23:15|-- Loading filter Incremental
DEBUG   |170521 02:23:15|-- Loading filter Regexfiles
DEBUG   |170521 02:23:15|-- Loading filter Multidb
DEBUG   |170521 02:23:15|-- Loading filter Regextables
DEBUG   |170521 02:23:15|-- Loading filter Tabledata
DEBUG   |170521 02:23:15|-- Loading filter Skipdirs
DEBUG   |170521 02:23:15|-- Loading filter Tables
DEBUG   |170521 02:23:15|-- Loading filter Extradirs
DEBUG   |170521 02:23:15|-- Loading filter Skipfiles
DEBUG   |170521 02:23:15|-- Loading filter Directories
DEBUG   |170521 02:23:15|-- Loading filter Files
DEBUG   |170521 02:23:15|-- Loading filter Regexskipdirs
DEBUG   |170521 02:23:15|-- Loading filter Excludefiles
DEBUG   |170521 02:23:15|-- Loading filter Excludetabledata
DEBUG   |170521 02:23:15|-- Loading filter Cvsfolders
DEBUG   |170521 02:23:15|-- Loading filter Joomlaskipfiles
DEBUG   |170521 02:23:15|-- Loading filter Siteroot
DEBUG   |170521 02:23:15|-- Loading filter Excludefolders
DEBUG   |170521 02:23:15|-- Loading filter Libraries
DEBUG   |170521 02:23:15|-- Loading filter Sitedb
DEBUG   |170521 02:23:15|-- Loading filter Systemcachefiles
DEBUG   |170521 02:23:15|-- Loading filter Joomlaskipdirs
DEBUG   |170521 02:23:15|Loading optional filters
DEBUG   |170521 02:23:15|-- Loading optional filter Stack\StackErrorlogs
DEBUG   |170521 02:23:15|-- Loading optional filter Stack\StackHoststats
DEBUG   |170521 02:23:15|-- Loading optional filter Stack\StackFinder
DEBUG   |170521 02:23:15|-- Loading optional filter Stack\StackMyjoomla
DEBUG   |170529 19:45:31| -- Resetting Akeeba Engine factory (backend.id31)
DEBUG   |170529 19:45:31|Fetching filter data from database
DEBUG   |170529 19:45:31|Loading filters
DEBUG   |170529 19:45:31|-- Loading filter Regextabledata
DEBUG   |170529 19:45:31|-- Loading filter Regexdirectories
DEBUG   |170529 19:45:31|-- Loading filter Regexskipfiles
DEBUG   |170529 19:45:31|-- Loading filter Incremental
DEBUG   |170529 19:45:31|-- Loading filter Regexfiles
DEBUG   |170529 19:45:31|-- Loading filter Multidb
DEBUG   |170529 19:45:31|-- Loading filter Regextables
DEBUG   |170529 19:45:31|-- Loading filter Tabledata
DEBUG   |170529 19:45:31|-- Loading filter Skipdirs
DEBUG   |170529 19:45:31|-- Loading filter Tables
DEBUG   |170529 19:45:31|-- Loading filter Extradirs
DEBUG   |170529 19:45:31|-- Loading filter Skipfiles
DEBUG   |170529 19:45:31|-- Loading filter Directories
DEBUG   |170529 19:45:31|-- Loading filter Files
DEBUG   |170529 19:45:31|-- Loading filter Regexskipdirs
DEBUG   |170529 19:45:31|-- Loading filter Excludefiles
DEBUG   |170529 19:45:31|-- Loading filter Excludetabledata
DEBUG   |170529 19:45:31|-- Loading filter Cvsfolders
DEBUG   |170529 19:45:31|-- Loading filter Joomlaskipfiles
DEBUG   |170529 19:45:31|-- Loading filter Siteroot
DEBUG   |170529 19:45:31|-- Loading filter Excludefolders
DEBUG   |170529 19:45:31|-- Loading filter Libraries
DEBUG   |170529 19:45:31|-- Loading filter Sitedb
DEBUG   |170529 19:45:31|-- Loading filter Systemcachefiles
DEBUG   |170529 19:45:31|-- Loading filter Joomlaskipdirs
DEBUG   |170529 19:45:31|Loading optional filters
DEBUG   |170529 19:45:31|-- Loading optional filter Stack\StackErrorlogs
DEBUG   |170529 19:45:31|-- Loading optional filter Stack\StackHoststats
DEBUG   |170529 19:45:31|-- Loading optional filter Stack\StackFinder
DEBUG   |170529 19:45:31|-- Loading optional filter Stack\StackMyjoomla
DEBUG   |171106 15:01:22| -- Resetting Akeeba Engine factory (backend.id32)
DEBUG   |171106 15:01:22|Fetching filter data from database
DEBUG   |171106 15:01:22|Loading filters
DEBUG   |171106 15:01:22|-- Loading filter Regextabledata
DEBUG   |171106 15:01:22|-- Loading filter Regexdirectories
DEBUG   |171106 15:01:22|-- Loading filter Regexskipfiles
DEBUG   |171106 15:01:22|-- Loading filter Incremental
DEBUG   |171106 15:01:22|-- Loading filter Regexfiles
DEBUG   |171106 15:01:22|-- Loading filter Multidb
DEBUG   |171106 15:01:22|-- Loading filter Regextables
DEBUG   |171106 15:01:22|-- Loading filter Tabledata
DEBUG   |171106 15:01:22|-- Loading filter Skipdirs
DEBUG   |171106 15:01:22|-- Loading filter Tables
DEBUG   |171106 15:01:22|-- Loading filter Extradirs
DEBUG   |171106 15:01:22|-- Loading filter Skipfiles
DEBUG   |171106 15:01:22|-- Loading filter Directories
DEBUG   |171106 15:01:22|-- Loading filter Files
DEBUG   |171106 15:01:22|-- Loading filter Regexskipdirs
DEBUG   |171106 15:01:22|-- Loading filter Excludefiles
DEBUG   |171106 15:01:22|-- Loading filter Excludetabledata
DEBUG   |171106 15:01:22|-- Loading filter Cvsfolders
DEBUG   |171106 15:01:22|-- Loading filter Joomlaskipfiles
DEBUG   |171106 15:01:22|-- Loading filter Siteroot
DEBUG   |171106 15:01:22|-- Loading filter Excludefolders
DEBUG   |171106 15:01:22|-- Loading filter Libraries
DEBUG   |171106 15:01:22|-- Loading filter Sitedb
DEBUG   |171106 15:01:22|-- Loading filter Systemcachefiles
DEBUG   |171106 15:01:22|-- Loading filter Joomlaskipdirs
DEBUG   |171106 15:01:22|Loading optional filters
DEBUG   |171106 15:01:22|-- Loading optional filter Stack\StackErrorlogs
DEBUG   |171106 15:01:22|-- Loading optional filter Stack\StackHoststats
DEBUG   |171106 15:01:22|-- Loading optional filter Stack\StackFinder
DEBUG   |171106 15:01:22|-- Loading optional filter Stack\StackMyjoomla
DEBUG   |171106 15:04:53| -- Resetting Akeeba Engine factory (backend.id33)
DEBUG   |171106 15:04:53|Fetching filter data from database
DEBUG   |171106 15:04:53|Loading filters
DEBUG   |171106 15:04:53|-- Loading filter Regextabledata
DEBUG   |171106 15:04:53|-- Loading filter Regexdirectories
DEBUG   |171106 15:04:53|-- Loading filter Regexskipfiles
DEBUG   |171106 15:04:53|-- Loading filter Incremental
DEBUG   |171106 15:04:53|-- Loading filter Regexfiles
DEBUG   |171106 15:04:53|-- Loading filter Multidb
DEBUG   |171106 15:04:53|-- Loading filter Regextables
DEBUG   |171106 15:04:53|-- Loading filter Tabledata
DEBUG   |171106 15:04:53|-- Loading filter Skipdirs
DEBUG   |171106 15:04:53|-- Loading filter Tables
DEBUG   |171106 15:04:53|-- Loading filter Extradirs
DEBUG   |171106 15:04:53|-- Loading filter Skipfiles
DEBUG   |171106 15:04:53|-- Loading filter Directories
DEBUG   |171106 15:04:53|-- Loading filter Files
DEBUG   |171106 15:04:53|-- Loading filter Regexskipdirs
DEBUG   |171106 15:04:53|-- Loading filter Excludefiles
DEBUG   |171106 15:04:53|-- Loading filter Excludetabledata
DEBUG   |171106 15:04:53|-- Loading filter Cvsfolders
DEBUG   |171106 15:04:53|-- Loading filter Joomlaskipfiles
DEBUG   |171106 15:04:53|-- Loading filter Siteroot
DEBUG   |171106 15:04:53|-- Loading filter Excludefolders
DEBUG   |171106 15:04:53|-- Loading filter Libraries
DEBUG   |171106 15:04:53|-- Loading filter Sitedb
DEBUG   |171106 15:04:53|-- Loading filter Systemcachefiles
DEBUG   |171106 15:04:53|-- Loading filter Joomlaskipdirs
DEBUG   |171106 15:04:53|Loading optional filters
DEBUG   |171106 15:04:53|-- Loading optional filter Stack\StackErrorlogs
DEBUG   |171106 15:04:53|-- Loading optional filter Stack\StackHoststats
DEBUG   |171106 15:04:53|-- Loading optional filter Stack\StackFinder
DEBUG   |171106 15:04:53|-- Loading optional filter Stack\StackMyjoomla
